<?xml version="1.0" encoding="UTF-8"?>
<testsuite xmlns:xsi="http://www.w3.org/2001/XMLSchema-instance" xsi:noNamespaceSchemaLocation="https://maven.apache.org/surefire/maven-surefire-plugin/xsd/surefire-test-report.xsd" version="3.0.2" name="pl.ps.test.CampaignControllerTest" time="6.048" tests="4" errors="0" skipped="0" failures="0">
  <properties>
[...]
</properties>
  <testcase name="getCampaigns_ok" classname="pl.ps.test.CampaignControllerTest" time="0.683">
    <system-out><![CDATA[
  .   ____          _            __ _ _
 /\\ / ___'_ __ _ _(_)_ __  __ _ \ \ \ \
( ( )\___ | '_ | '_| | '_ \/ _` | \ \ \ \
 \\/  ___)| |_)| | | | | || (_| |  ) ) ) )
  '  |____| .__|_| |_|_| |_\__, | / / / /
 =========|_|==============|___/=/_/_/_/

 :: Spring Boot ::                (v3.4.2)

2025-02-28T02:15:54.619+01:00  INFO 42876 --- [           main] pl.ps.test.CampaignControllerTest        : Starting CampaignControllerTest using Java 21.0.4 with PID 42876 (started by Psort in E:\program_do_pracy\backend\rest)
2025-02-28T02:15:54.622+01:00  INFO 42876 --- [           main] pl.ps.test.CampaignControllerTest        : No active profile set, falling back to 1 default profile: "default"
2025-02-28T02:15:55.190+01:00  INFO 42876 --- [           main] .s.d.r.c.RepositoryConfigurationDelegate : Bootstrapping Spring Data JPA repositories in DEFAULT mode.
2025-02-28T02:15:55.229+01:00  INFO 42876 --- [           main] .s.d.r.c.RepositoryConfigurationDelegate : Finished Spring Data repository scanning in 31 ms. Found 3 JPA repository interfaces.
2025-02-28T02:15:56.071+01:00  INFO 42876 --- [           main] o.hibernate.jpa.internal.util.LogHelper  : HHH000204: Processing PersistenceUnitInfo [name: default]
2025-02-28T02:15:56.142+01:00  INFO 42876 --- [           main] org.hibernate.Version                    : HHH000412: Hibernate ORM core version 6.6.5.Final
2025-02-28T02:15:56.176+01:00  INFO 42876 --- [           main] o.h.c.internal.RegionFactoryInitiator    : HHH000026: Second-level cache disabled
2025-02-28T02:15:56.455+01:00  INFO 42876 --- [           main] o.s.o.j.p.SpringPersistenceUnitInfo      : No LoadTimeWeaver setup: ignoring JPA class transformer
2025-02-28T02:15:56.484+01:00  INFO 42876 --- [           main] com.zaxxer.hikari.HikariDataSource       : HikariPool-1 - Starting...
2025-02-28T02:15:56.626+01:00  INFO 42876 --- [           main] com.zaxxer.hikari.pool.HikariPool        : HikariPool-1 - Added connection conn0: url=jdbc:h2:mem:testdb user=SA
2025-02-28T02:15:56.629+01:00  INFO 42876 --- [           main] com.zaxxer.hikari.HikariDataSource       : HikariPool-1 - Start completed.
2025-02-28T02:15:56.650+01:00  WARN 42876 --- [           main] org.hibernate.orm.deprecation            : HHH90000025: H2Dialect does not need to be specified explicitly using 'hibernate.dialect' (remove the property setting and it will be selected by default)
2025-02-28T02:15:56.665+01:00  INFO 42876 --- [           main] org.hibernate.orm.connections.pooling    : HHH10001005: Database info:
	Database JDBC URL [Connecting through datasource 'HikariDataSource (HikariPool-1)']
	Database driver: undefined/unknown
	Database version: 2.3.232
	Autocommit mode: undefined/unknown
	Isolation level: undefined/unknown
	Minimum pool size: undefined/unknown
	Maximum pool size: undefined/unknown
2025-02-28T02:15:57.351+01:00  INFO 42876 --- [           main] o.h.e.t.j.p.i.JtaPlatformInitiator       : HHH000489: No JTA platform available (set 'hibernate.transaction.jta.platform' to enable JTA platform integration)
2025-02-28T02:15:57.410+01:00  INFO 42876 --- [           main] j.LocalContainerEntityManagerFactoryBean : Initialized JPA EntityManagerFactory for persistence unit 'default'
2025-02-28T02:15:58.073+01:00  WARN 42876 --- [           main] JpaBaseConfiguration$JpaWebConfiguration : spring.jpa.open-in-view is enabled by default. Therefore, database queries may be performed during view rendering. Explicitly configure spring.jpa.open-in-view to disable this warning
2025-02-28T02:15:58.768+01:00  INFO 42876 --- [           main] o.s.b.a.h2.H2ConsoleAutoConfiguration    : H2 console available at '/h2-console'. Database available at 'jdbc:h2:mem:testdb'
2025-02-28T02:15:58.815+01:00  INFO 42876 --- [           main] o.s.b.t.m.w.SpringBootMockServletContext : Initializing Spring TestDispatcherServlet ''
2025-02-28T02:15:58.816+01:00  INFO 42876 --- [           main] o.s.t.web.servlet.TestDispatcherServlet  : Initializing Servlet ''
2025-02-28T02:15:58.826+01:00  INFO 42876 --- [           main] o.s.b.a.e.web.EndpointLinksResolver      : Exposing 1 endpoint beneath base path '/actuator'
2025-02-28T02:15:58.839+01:00  INFO 42876 --- [           main] o.s.t.web.servlet.TestDispatcherServlet  : Completed initialization in 22 ms
2025-02-28T02:15:58.907+01:00  INFO 42876 --- [           main] pl.ps.test.CampaignControllerTest        : Started CampaignControllerTest in 4.561 seconds (process running for 5.373)
]]></system-out>
    <system-err><![CDATA[Mockito is currently self-attaching to enable the inline-mock-maker. This will no longer work in future releases of the JDK. Please add Mockito as an agent to your build what is described in Mockito's documentation: https://javadoc.io/doc/org.mockito/mockito-core/latest/org/mockito/Mockito.html#0.3
WARNING: A Java agent has been loaded dynamically (C:\Users\Psort\.m2\repository\net\bytebuddy\byte-buddy-agent\1.15.11\byte-buddy-agent-1.15.11.jar)
WARNING: If a serviceability tool is in use, please run with -XX:+EnableDynamicAgentLoading to hide this warning
WARNING: If a serviceability tool is not in use, please run with -Djdk.instrument.traceUsage for more information
WARNING: Dynamic loading of agents will be disallowed by default in a future release
]]></system-err>
  </testcase>
  <testcase name="createCampaigns_ok" classname="pl.ps.test.CampaignControllerTest" time="0.287"/>
  <testcase name="updateCampaigns_ok" classname="pl.ps.test.CampaignControllerTest" time="0.013"/>
  <testcase name="deleteCampaigns_ok" classname="pl.ps.test.CampaignControllerTest" time="0.015"/>
</testsuite>